[0609/235430.318:ERROR:process_reader_win.cc(123)] NtOpenThread: {Access Denied} A process has requested access to an object, but has not been granted those access rights. (0xc0000022)
[0609/235430.318:ERROR:process_reader_win.cc(123)] NtOpenThread: {Access Denied} A process has requested access to an object, but has not been granted those access rights. (0xc0000022)
[0609/235430.318:ERROR:process_reader_win.cc(123)] NtOpenThread: {Access Denied} A process has requested access to an object, but has not been granted those access rights. (0xc0000022)
[0609/235430.802:ERROR:exception_snapshot_win.cc(98)] thread ID 7856 not found in process
[0609/235430.802:ERROR:exception_snapshot_win.cc(98)] thread ID 7560 not found in process
[0609/235430.802:ERROR:exception_snapshot_win.cc(98)] thread ID 2284 not found in process
[0609/235430.318:ERROR:process_reader_win.cc(123)] NtOpenThread: {Access Denied} A process has requested access to an object, but has not been granted those access rights. (0xc0000022)
[0609/235430.880:ERROR:exception_snapshot_win.cc(98)] thread ID 2172 not found in process
[0928/093634.584:ERROR:registration_protocol_win.cc(103)] CreateFile: The system cannot find the file specified. (0x2)
[1015/195607.595:ERROR:directory_reader_win.cc(43)] FindFirstFile: The system cannot find the path specified. (0x3)
[1015/210348.009:ERROR:process_reader_win.cc(123)] NtOpenThread: {Access Denied} A process has requested access to an object, but has not been granted those access rights. (0xc0000022)
[1015/210348.009:ERROR:process_reader_win.cc(123)] NtOpenThread: {Access Denied} A process has requested access to an object, but has not been granted those access rights. (0xc0000022)
[1015/210348.056:ERROR:exception_snapshot_win.cc(99)] thread ID 6700 not found in process
[1015/210348.009:ERROR:process_reader_win.cc(123)] NtOpenThread: {Access Denied} A process has requested access to an object, but has not been granted those access rights. (0xc0000022)
[1015/210348.056:ERROR:exception_snapshot_win.cc(99)] thread ID 6712 not found in process
[1015/210348.009:ERROR:process_reader_win.cc(123)] NtOpenThread: {Access Denied} A process has requested access to an object, but has not been granted those access rights. (0xc0000022)
[1015/210348.056:ERROR:exception_snapshot_win.cc(99)] thread ID 6704 not found in process
[1015/210348.056:ERROR:exception_snapshot_win.cc(99)] thread ID 6708 not found in process
[1015/210348.056:ERROR:scoped_process_suspend.cc(40)] NtResumeProcess: An attempt was made to access an exiting process. (0xc000010a)
[1016/075449.320:ERROR:directory_reader_win.cc(43)] FindFirstFile: The system cannot find the path specified. (0x3)
[1016/112322.581:ERROR:directory_reader_win.cc(43)] FindFirstFile: The system cannot find the path specified. (0x3)
[1011/151446.459:ERROR:directory_reader_win.cc(43)] FindFirstFile: The system cannot find the path specified. (0x3)
[1018/083031.458:ERROR:directory_reader_win.cc(43)] FindFirstFile: The system cannot find the path specified. (0x3)
[1019/171640.337:ERROR:directory_reader_win.cc(43)] FindFirstFile: The system cannot find the path specified. (0x3)
[1020/083249.078:ERROR:directory_reader_win.cc(43)] FindFirstFile: The system cannot find the path specified. (0x3)
[1024/081332.678:ERROR:directory_reader_win.cc(43)] FindFirstFile: The system cannot find the path specified. (0x3)
[1026/063346.942:ERROR:directory_reader_win.cc(43)] FindFirstFile: The system cannot find the path specified. (0x3)
[1026/075520.483:ERROR:process_reader_win.cc(123)] NtOpenThread: {Access Denied} A process has requested access to an object, but has not been granted those access rights. (0xc0000022)
[1026/075520.487:ERROR:process_reader_win.cc(123)] NtOpenThread: {Access Denied} A process has requested access to an object, but has not been granted those access rights. (0xc0000022)
[1026/075520.487:ERROR:process_reader_win.cc(123)] NtOpenThread: {Access Denied} A process has requested access to an object, but has not been granted those access rights. (0xc0000022)
[1026/075520.483:ERROR:process_reader_win.cc(123)] NtOpenThread: {Access Denied} A process has requested access to an object, but has not been granted those access rights. (0xc0000022)
[1026/075520.725:ERROR:exception_snapshot_win.cc(99)] thread ID 3728 not found in process
[1026/075520.725:ERROR:exception_snapshot_win.cc(99)] thread ID 2640 not found in process
[1026/075520.725:ERROR:exception_snapshot_win.cc(99)] thread ID 4564 not found in process
[1026/075520.725:ERROR:exception_snapshot_win.cc(99)] thread ID 1176 not found in process
